<?xml version="1.0" encoding="UTF-8"?>
<!-- Generated by org.testng.reporters.JUnitReportReporter -->
<testsuite hostname="DESKTOP-12VNEQH" failures="0" tests="2" name="com.crm.practise.TestNg2" time="0.023" errors="0" timestamp="2022-04-07T10:38:28 IST" skipped="0">
  <testcase classname="com.crm.practise.TestNg2" name="test" time="0.019"/>
  <system-out>
    <![CDATA[first]]>
  </system-out>
  <testcase classname="com.crm.practise.TestNg2" name="test" time="0.004"/>
  <system-out>
    <![CDATA[first]]>
  </system-out>
</testsuite> <!-- com.crm.practise.TestNg2 -->
