<?xml version="1.0" encoding="UTF-8"?>
<!-- Generated by org.testng.reporters.JUnitReportReporter -->
<testsuite hostname="DESKTOP-12VNEQH" failures="0" tests="1" name="com.crm.testng.Testng1" time="0.026" errors="0" timestamp="2022-04-12T15:51:28 IST" skipped="0">
  <testcase classname="com.crm.testng.Testng1" name="testNg1" time="0.026"/>
  <system-out>
    <![CDATA[sidda is doing testNg ]]>
  </system-out>
</testsuite> <!-- com.crm.testng.Testng1 -->
