<?xml version="1.0" encoding="UTF-8"?>
<!-- Generated by org.testng.reporters.JUnitReportReporter -->
<testsuite hostname="DESKTOP-12VNEQH" failures="0" tests="1" name="com.crm.practise.Testng1" time="0.037" errors="0" timestamp="2022-04-05T15:16:40 IST" skipped="0">
  <testcase classname="com.crm.practise.Testng1" name="testNg1" time="0.037"/>
  <system-out>
    <![CDATA[sidda is doing testNg ]]>
  </system-out>
</testsuite> <!-- com.crm.practise.Testng1 -->
