<?xml version="1.0" encoding="UTF-8"?>
<!-- Generated by org.testng.reporters.JUnitReportReporter -->
<testsuite hostname="DESKTOP-12VNEQH" failures="0" tests="5" name="com.crm.practise.TestNgDataproviderTest" time="0.076" errors="0" timestamp="2022-04-06T14:44:41 IST" skipped="0">
  <testcase classname="com.crm.practise.TestNgDataproviderTest" name="getMultipleDataFromExcel" time="0.026"/>
  <system-out/>
  <testcase classname="com.crm.practise.TestNgDataproviderTest" name="getMultipleDataFromExcel" time="0.022"/>
  <system-out/>
  <testcase classname="com.crm.practise.TestNgDataproviderTest" name="getMultipleDataFromExcel" time="0.012"/>
  <system-out/>
  <testcase classname="com.crm.practise.TestNgDataproviderTest" name="getMultipleDataFromExcel" time="0.010"/>
  <system-out/>
  <testcase classname="com.crm.practise.TestNgDataproviderTest" name="getMultipleDataFromExcel" time="0.006"/>
  <system-out/>
</testsuite> <!-- com.crm.practise.TestNgDataproviderTest -->
