<?xml version="1.0" encoding="UTF-8"?>
<!-- Generated by org.testng.reporters.JUnitReportReporter -->
<testsuite hostname="DESKTOP-12VNEQH" failures="0" tests="2" name="com.crm.practise.CheckingNoOfTest" time="0.041" errors="0" timestamp="2022-04-06T09:54:28 IST" skipped="0">
  <testcase classname="com.crm.practise.CheckingNoOfTest" name="test2" time="0.014"/>
  <system-out>
    <![CDATA[second test]]>
  </system-out>
  <testcase classname="com.crm.practise.CheckingNoOfTest" name="test1" time="0.027"/>
  <system-out>
    <![CDATA[First test]]>
  </system-out>
</testsuite> <!-- com.crm.practise.CheckingNoOfTest -->
