<?xml version="1.0" encoding="UTF-8"?>
<!-- Generated by org.testng.reporters.JUnitReportReporter -->
<testsuite hostname="DESKTOP-12VNEQH" failures="0" tests="6" name="com.crm.practise.TestNgPracticeTest" time="0.176" errors="0" timestamp="2022-04-07T10:38:29 IST" skipped="0">
  <testcase classname="com.crm.practise.TestNgPracticeTest" name="basicTest1" time="0.006"/>
  <system-out/>
  <testcase classname="com.crm.practise.TestNgPracticeTest" name="basicTest" time="0.023"/>
  <system-out/>
  <testcase classname="com.crm.practise.TestNgPracticeTest" name="basicTest2" time="0.023"/>
  <system-out/>
  <testcase classname="com.crm.practise.TestNgPracticeTest" name="basicTest1" time="0.028"/>
  <system-out/>
  <testcase classname="com.crm.practise.TestNgPracticeTest" name="basicTest2" time="0.091"/>
  <system-out/>
  <testcase classname="com.crm.practise.TestNgPracticeTest" name="basicTest" time="0.005"/>
  <system-out/>
</testsuite> <!-- com.crm.practise.TestNgPracticeTest -->
